<?xml version="1.0" encoding="UTF-8"?>
<!-- Generated by org.testng.reporters.JUnitReportReporter -->
<testsuite hostname="Asus" name="nls.Email.LoginTest" tests="2" failures="0" timestamp="15 Aug 2016 23:04:16 GMT" time="27.354" errors="0">
  <testcase name="Credentials" time="12.901" classname="nls.Email.LoginTest"/>
  <testcase name="driverInitialization" time="14.453" classname="nls.Email.LoginTest"/>
</testsuite> <!-- nls.Email.LoginTest -->
