<?xml version="1.0" encoding="UTF-8"?>
<!-- Generated by org.testng.reporters.JUnitReportReporter -->
<testsuite hostname="Asus" name="nls.Email.LoginTest" tests="2" failures="0" timestamp="26 Jul 2016 16:11:19 GMT" time="90.616" errors="0">
  <testcase name="Credentials" time="38.566" classname="nls.Email.LoginTest"/>
  <testcase name="driverInitialization" time="52.050" classname="nls.Email.LoginTest"/>
</testsuite> <!-- nls.Email.LoginTest -->
