<?xml version="1.0" encoding="UTF-8"?>
<!-- Generated by org.testng.reporters.JUnitReportReporter -->
<testsuite hostname="Asus" name="nls.Email.LoginTest" tests="2" failures="0" timestamp="26 Jul 2016 16:49:42 GMT" time="42.613" errors="0">
  <testcase name="Credentials" time="15.987" classname="nls.Email.LoginTest"/>
  <testcase name="driverInitialization" time="26.626" classname="nls.Email.LoginTest"/>
</testsuite> <!-- nls.Email.LoginTest -->
